------------------------------------------------------------
/usr/bin/pip run on Fri Nov  6 18:33:01 2015
Downloading/unpacking wifi

  Getting page http://pypi.python.org/simple/wifi
  URLs to search for versions for wifi:
  * http://pypi.python.org/simple/wifi/
  Getting page http://pypi.python.org/simple/wifi/
  Analyzing links from page https://pypi.python.org/simple/wifi/
    Found link https://pypi.python.org/packages/source/w/wifi/wifi-0.0.1.tar.gz#md5=268c545deddf6aaa4a57b6b6126a7a32 (from https://pypi.python.org/simple/wifi/), version: 0.0.1
    Found link https://pypi.python.org/packages/source/w/wifi/wifi-0.1.0.tar.gz#md5=0b30d002a97ed6de1ba3eed294582b55 (from https://pypi.python.org/simple/wifi/), version: 0.1.0
    Found link https://pypi.python.org/packages/source/w/wifi/wifi-0.1.1.tar.gz#md5=6e02cdc66153514017c8196ce86e80fb (from https://pypi.python.org/simple/wifi/), version: 0.1.1
    Found link https://pypi.python.org/packages/source/w/wifi/wifi-0.2.0.tar.gz#md5=7df58691eb39be009e78e0c96b2c5598 (from https://pypi.python.org/simple/wifi/), version: 0.2.0
    Found link https://pypi.python.org/packages/source/w/wifi/wifi-0.2.1.tar.gz#md5=c5c63a40e58c3955c27e8122490c428b (from https://pypi.python.org/simple/wifi/), version: 0.2.1
    Found link https://pypi.python.org/packages/source/w/wifi/wifi-0.2.2.tar.gz#md5=57ae7542c3ba16241839efd7ee84c17b (from https://pypi.python.org/simple/wifi/), version: 0.2.2
    Found link https://pypi.python.org/packages/source/w/wifi/wifi-0.3.0.tar.gz#md5=659c733b8f73cc85fb5e7496b5f2e0fc (from https://pypi.python.org/simple/wifi/), version: 0.3.0
    Found link https://pypi.python.org/packages/source/w/wifi/wifi-0.3.1.tar.gz#md5=19c94c4318e7002a9fc83cff22bb92af (from https://pypi.python.org/simple/wifi/), version: 0.3.1
    Found link https://pypi.python.org/packages/source/w/wifi/wifi-0.3.2.tar.gz#md5=cf2838f703d054b8c146ae1db4c0eeac (from https://pypi.python.org/simple/wifi/), version: 0.3.2
    Found link https://pypi.python.org/packages/source/w/wifi/wifi-0.3.3.tar.gz#md5=38fb87d5e0d269706c24d2c9b31850ff (from https://pypi.python.org/simple/wifi/), version: 0.3.3
    Found link https://pypi.python.org/packages/source/w/wifi/wifi-0.3.4.tar.gz#md5=2e84749103824061072e5dad30c79c6c (from https://pypi.python.org/simple/wifi/), version: 0.3.4
    Skipping link https://travis-ci.org/rockymeza/wifi (from https://pypi.python.org/simple/wifi/); not a file
    Skipping link https://wifi.readthedocs.org/en/latest/ (from https://pypi.python.org/simple/wifi/); not a file
  Using version 0.3.4 (newest of versions: 0.3.4, 0.3.3, 0.3.2, 0.3.1, 0.3.0, 0.2.2, 0.2.1, 0.2.0, 0.1.1, 0.1.0, 0.0.1)
  Downloading wifi-0.3.4.tar.gz

  Downloading from URL https://pypi.python.org/packages/source/w/wifi/wifi-0.3.4.tar.gz#md5=2e84749103824061072e5dad30c79c6c (from https://pypi.python.org/simple/wifi/)
  Running setup.py egg_info for package wifi

    Skipping copying files to /etc/bash_completion.d/, no write access

    running egg_info
    creating pip-egg-info/wifi.egg-info
    writing requirements to pip-egg-info/wifi.egg-info/requires.txt
    writing pip-egg-info/wifi.egg-info/PKG-INFO
    writing top-level names to pip-egg-info/wifi.egg-info/top_level.txt
    writing dependency_links to pip-egg-info/wifi.egg-info/dependency_links.txt
    writing manifest file 'pip-egg-info/wifi.egg-info/SOURCES.txt'
    warning: manifest_maker: standard file '-c' not found
    

    reading manifest file 'pip-egg-info/wifi.egg-info/SOURCES.txt'
    reading manifest template 'MANIFEST.in'
    writing manifest file 'pip-egg-info/wifi.egg-info/SOURCES.txt'
Requirement already satisfied (use --upgrade to upgrade): distribute in /usr/lib/python2.7/dist-packages (from wifi)

Downloading/unpacking pbkdf2 (from wifi)

  Getting page http://pypi.python.org/simple/pbkdf2
  URLs to search for versions for pbkdf2 (from wifi):
  * http://pypi.python.org/simple/pbkdf2/
  Getting page http://pypi.python.org/simple/pbkdf2/
  Analyzing links from page https://pypi.python.org/simple/pbkdf2/
    Found link https://pypi.python.org/packages/source/p/pbkdf2/pbkdf2-1.3.tar.gz#md5=40cda566f61420490206597243dd869f (from https://pypi.python.org/simple/pbkdf2/), version: 1.3
  Downloading pbkdf2-1.3.tar.gz

  Downloading from URL https://pypi.python.org/packages/source/p/pbkdf2/pbkdf2-1.3.tar.gz#md5=40cda566f61420490206597243dd869f (from https://pypi.python.org/simple/pbkdf2/)
  Running setup.py egg_info for package pbkdf2

    running egg_info
    creating pip-egg-info/pbkdf2.egg-info
    writing pip-egg-info/pbkdf2.egg-info/PKG-INFO
    writing top-level names to pip-egg-info/pbkdf2.egg-info/top_level.txt
    writing dependency_links to pip-egg-info/pbkdf2.egg-info/dependency_links.txt
    writing manifest file 'pip-egg-info/pbkdf2.egg-info/SOURCES.txt'
    warning: manifest_maker: standard file '-c' not found
    

    reading manifest file 'pip-egg-info/pbkdf2.egg-info/SOURCES.txt'
    writing manifest file 'pip-egg-info/pbkdf2.egg-info/SOURCES.txt'
  Source in ./build/pbkdf2 has version 1.3, which satisfies requirement pbkdf2 (from wifi)
Installing collected packages: wifi, pbkdf2

  Running setup.py install for wifi

    Running command /usr/bin/python -c "import setuptools;__file__='/home/pi/build/wifi/setup.py';exec(compile(open(__file__).read().replace('\r\n', '\n'), __file__, 'exec'))" install --single-version-externally-managed --record /tmp/pip-U7gbOE-record/install-record.txt
    Skipping copying files to /etc/bash_completion.d/, no write access

    running install
    running build
    running build_py
    creating build
    creating build/lib.linux-armv7l-2.7
    creating build/lib.linux-armv7l-2.7/wifi
    copying wifi/__init__.py -> build/lib.linux-armv7l-2.7/wifi
    copying wifi/scheme.py -> build/lib.linux-armv7l-2.7/wifi
    copying wifi/subprocess_compat.py -> build/lib.linux-armv7l-2.7/wifi
    copying wifi/utils.py -> build/lib.linux-armv7l-2.7/wifi
    copying wifi/scan.py -> build/lib.linux-armv7l-2.7/wifi
    copying wifi/exceptions.py -> build/lib.linux-armv7l-2.7/wifi
    running build_scripts
    creating build/scripts-2.7
    copying and adjusting bin/wifi -> build/scripts-2.7
    changing mode of build/scripts-2.7/wifi from 644 to 755

    running install_lib
    creating /usr/local/lib/python2.7/dist-packages/wifi
    error: could not create '/usr/local/lib/python2.7/dist-packages/wifi': Permission denied

    Complete output from command /usr/bin/python -c "import setuptools;__file__='/home/pi/build/wifi/setup.py';exec(compile(open(__file__).read().replace('\r\n', '\n'), __file__, 'exec'))" install --single-version-externally-managed --record /tmp/pip-U7gbOE-record/install-record.txt:

    Skipping copying files to /etc/bash_completion.d/, no write access

running install

running build

running build_py

creating build

creating build/lib.linux-armv7l-2.7

creating build/lib.linux-armv7l-2.7/wifi

copying wifi/__init__.py -> build/lib.linux-armv7l-2.7/wifi

copying wifi/scheme.py -> build/lib.linux-armv7l-2.7/wifi

copying wifi/subprocess_compat.py -> build/lib.linux-armv7l-2.7/wifi

copying wifi/utils.py -> build/lib.linux-armv7l-2.7/wifi

copying wifi/scan.py -> build/lib.linux-armv7l-2.7/wifi

copying wifi/exceptions.py -> build/lib.linux-armv7l-2.7/wifi

running build_scripts

creating build/scripts-2.7

copying and adjusting bin/wifi -> build/scripts-2.7

changing mode of build/scripts-2.7/wifi from 644 to 755

running install_lib

creating /usr/local/lib/python2.7/dist-packages/wifi

error: could not create '/usr/local/lib/python2.7/dist-packages/wifi': Permission denied

----------------------------------------

Command /usr/bin/python -c "import setuptools;__file__='/home/pi/build/wifi/setup.py';exec(compile(open(__file__).read().replace('\r\n', '\n'), __file__, 'exec'))" install --single-version-externally-managed --record /tmp/pip-U7gbOE-record/install-record.txt failed with error code 1 in /home/pi/build/wifi

Exception information:
Traceback (most recent call last):
  File "/usr/lib/python2.7/dist-packages/pip/basecommand.py", line 104, in main
    status = self.run(options, args)
  File "/usr/lib/python2.7/dist-packages/pip/commands/install.py", line 250, in run
    requirement_set.install(install_options, global_options)
  File "/usr/lib/python2.7/dist-packages/pip/req.py", line 1133, in install
    requirement.install(install_options, global_options)
  File "/usr/lib/python2.7/dist-packages/pip/req.py", line 577, in install
    cwd=self.source_dir, filter_stdout=self._filter_install, show_stdout=False)
  File "/usr/lib/python2.7/dist-packages/pip/__init__.py", line 256, in call_subprocess
    % (command_desc, proc.returncode, cwd))
InstallationError: Command /usr/bin/python -c "import setuptools;__file__='/home/pi/build/wifi/setup.py';exec(compile(open(__file__).read().replace('\r\n', '\n'), __file__, 'exec'))" install --single-version-externally-managed --record /tmp/pip-U7gbOE-record/install-record.txt failed with error code 1 in /home/pi/build/wifi
